Tick 474
          Entity(215:7)
               Component [PongGame.Velocity] - Hash value 14824343187911177241
               Component [Unity.Transforms.LocalTransform] - Hash value 5355020670169923837

                    Position float3(-1.066392f, -4.796138f, 13f)
                    Rotation quaternion(0f, 0f, 0f, 1f)
                    Scale 0.2
          Entity(216:3)
               Component [Unity.Transforms.LocalTransform] - Hash value 7725350695713608866

                    Position float3(-10.80363f, -0.2818722f, 13f)
                    Rotation quaternion(0f, 0f, 0f, 1f)
                    Scale 1
          Entity(241:1)
               Component [Unity.Transforms.LocalTransform] - Hash value 16762760173849340638

                    Position float3(10.80363f, -1.468758E-06f, 13f)
                    Rotation quaternion(0f, 0f, 0f, 1f)
                    Scale 1
          Entity(245:5)
               Component [PongGame.Velocity] - Hash value 674348541249987339

               Component [Unity.Transforms.LocalTransform] - Hash value 10215656565592161015
                    Position float3(-8.633333f, 1.794405f, 13f)
                    Rotation quaternion(0f, 0f, 0f, 1f)

                    Scale 0.2
          Entity(246:9)
               Component [PongGame.Velocity] - Hash value 3092668904527619216
               Component [Unity.Transforms.LocalTransform] - Hash value 16774757758282827350

                    Position float3(-0.8979618f, 0.9298669f, 13f)
                    Rotation quaternion(0f, 0f, 0f, 1f)
                    Scale 0.2
          Entity(247:13)
               Component [PongGame.Velocity] - Hash value 9927714539188479927

               Component [Unity.Transforms.LocalTransform] - Hash value 7737348280147095578
                    Position float3(11.1163f, 2.165515f, 13f)
                    Rotation quaternion(0f, 0f, 0f, 1f)

                    Scale 0.2
          Entity(248:9)
               Component [PongGame.Velocity] - Hash value 12214061473697757972
               Component [Unity.Transforms.LocalTransform] - Hash value 14692369759142823409

                    Position float3(-5.677156f, 3.018598f, 13f)
                    Rotation quaternion(0f, 0f, 0f, 1f)
                    Scale 0.2
          Entity(249:13)
               Component [PongGame.Velocity] - Hash value 9903719370321506503

               Component [Unity.Transforms.LocalTransform] - Hash value 17050702200253021726
                    Position float3(-1.541873f, -2.374277f, 13f)
                    Rotation quaternion(0f, 0f, 0f, 1f)

                    Scale 0.2
          Entity(250:9)
               Component [PongGame.Velocity] - Hash value 14740360096876770257
               Component [Unity.Transforms.LocalTransform] - Hash value 5355020670169923837

                    Position float3(-6.033878f, 4.713603f, 13f)
                    Rotation quaternion(0f, 0f, 0f, 1f)
                    Scale 0.2
          Entity(252:7)
               Component [PongGame.Velocity] - Hash value 14812345603477690529

               Component [Unity.Transforms.LocalTransform] - Hash value 650353372383013915
                    Position float3(9.964552f, -1.936916f, 13f)
                    Rotation quaternion(0f, 0f, 0f, 1f)

                    Scale 0.2
          Entity(254:7)
               Component [PongGame.Velocity] - Hash value 686346125683474051
               Component [Unity.Transforms.LocalTransform] - Hash value 7653365189112688594

                    Position float3(-8.801658f, -3.182025f, 13f)
                    Rotation quaternion(0f, 0f, 0f, 1f)
                    Scale 0.2
          Entity(258:13)
               Component [PongGame.Velocity] - Hash value 12490005915667952348

               Component [Unity.Transforms.LocalTransform] - Hash value 5367018254603410549
                    Position float3(1.926651f, 0.739572f, 13f)
                    Rotation quaternion(0f, 0f, 0f, 1f)

                    Scale 0.2
          Entity(261:7)
               Component [PongGame.Velocity] - Hash value 962290567653668427
               Component [Unity.Transforms.LocalTransform] - Hash value 10143671058991240743

                    Position float3(8.470476f, -5.817559f, 13f)
                    Rotation quaternion(0f, 0f, 0f, 1f)
                    Scale 0.2
          Entity(263:7)
               Component [PongGame.Velocity] - Hash value 16918728771484667894

               Component [Unity.Transforms.LocalTransform] - Hash value 14620384252541903137
                    Position float3(3.237958f, 6.43591f, 13f)
                    Rotation quaternion(0f, 0f, 0f, 1f)

                    Scale 0.2
          Entity(265:11)
               Component [PongGame.Velocity] - Hash value 12514001084534925772
               Component [Unity.Transforms.LocalTransform] - Hash value 14620384252541903137

                    Position float3(-5.483973f, 3.561337f, 13f)
                    Rotation quaternion(0f, 0f, 0f, 1f)
                    Scale 0.2
          Entity(267:3)
               Component [PongGame.Velocity] - Hash value 902302645486234867

               Component [Unity.Transforms.LocalTransform] - Hash value 3152656826695052776
                    Position float3(-8.405103f, 6.471367f, 13f)
                    Rotation quaternion(0f, 0f, 0f, 1f)

                    Scale 0.2
          Entity(269:9)
               Component [PongGame.Velocity] - Hash value 7629370020245715170
               Component [Unity.Transforms.LocalTransform] - Hash value 7653365189112688594

                    Position float3(-8.721091f, 5.448934f, 13f)
                    Rotation quaternion(0f, 0f, 0f, 1f)
                    Scale 0.2
          Entity(270:3)
               Component [PongGame.Velocity] - Hash value 17134685291287428710

               Component [Unity.Transforms.LocalTransform] - Hash value 10059687967956833759
                    Position float3(4.021031f, -3.283759f, 13f)
                    Rotation quaternion(0f, 0f, 0f, 1f)

                    Scale 0.2
          Entity(273:7)
               Component [PongGame.Velocity] - Hash value 12394025240200058652
               Component [Unity.Transforms.LocalTransform] - Hash value 7545386929211308186

                    Position float3(-9.459441f, -4.006634f, 13f)
                    Rotation quaternion(0f, 0f, 0f, 1f)
                    Scale 0.2
          Entity(275:7)
               Component [PongGame.Velocity] - Hash value 734336463417420899

               Component [Unity.Transforms.LocalTransform] - Hash value 7641367604679201882
                    Position float3(2.709816f, 6.086347f, 13f)
                    Rotation quaternion(0f, 0f, 0f, 1f)

                    Scale 0.2
          Entity(277:5)
               Component [PongGame.Velocity] - Hash value 16990714278085588166
               Component [Unity.Transforms.LocalTransform] - Hash value 854312307752288019

                    Position float3(6.247348f, 4.704491f, 13f)
                    Rotation quaternion(0f, 0f, 0f, 1f)
                    Scale 0.2
          Entity(279:5)
               Component [PongGame.Velocity] - Hash value 3104666488961105928

               Component [Unity.Transforms.LocalTransform] - Hash value 14680372174709336697
                    Position float3(10.43318f, 0.1028405f, 13f)
                    Rotation quaternion(0f, 0f, 0f, 1f)

                    Scale 0.2
          Entity(281:11)
               Component [PongGame.Velocity] - Hash value 818319554451827883
               Component [Unity.Transforms.LocalTransform] - Hash value 5474996514504790957

                    Position float3(-8.346062f, 0.1456815f, 13f)
                    Rotation quaternion(0f, 0f, 0f, 1f)
                    Scale 0.2
          Entity(283:13)
               Component [PongGame.Velocity] - Hash value 5415008592337357397

               Component [Unity.Transforms.LocalTransform] - Hash value 12238056642564731396
                    Position float3(-0.5104809f, 0.7568193f, 13f)
                    Rotation quaternion(0f, 0f, 0f, 1f)

                    Scale 0.2
          Entity(285:9)
               Component [PongGame.Velocity] - Hash value 16966719109218614742
               Component [Unity.Transforms.LocalTransform] - Hash value 16990714278085588166

                    Position float3(-7.061311f, 1.118403f, 13f)
                    Rotation quaternion(0f, 0f, 0f, 1f)
                    Scale 0.2
          Entity(287:9)
               Component [PongGame.Velocity] - Hash value 5510989267805251093

               Component [Unity.Transforms.LocalTransform] - Hash value 3044678566793672368
                    Position float3(0.3931624f, 0.006862675f, 13f)
                    Rotation quaternion(0f, 0f, 0f, 1f)

                    Scale 0.2
          Entity(289:3)
               Component [PongGame.Velocity] - Hash value 17014709446952561590
               Component [Unity.Transforms.LocalTransform] - Hash value 9879724201454533079

                    Position float3(-5.956147f, 1.114939f, 13f)
                    Rotation quaternion(0f, 0f, 0f, 1f)
                    Scale 0.2
          Entity(291:7)
               Component [PongGame.Velocity] - Hash value 14704367343576310121

               Component [Unity.Transforms.LocalTransform] - Hash value 14488410823773549305
                    Position float3(1.652521f, 0.8420012f, 13f)
                    Rotation quaternion(0f, 0f, 0f, 1f)

                    Scale 0.2
          Entity(293:11)
               Component [PongGame.Velocity] - Hash value 3092668904527619216
               Component [Unity.Transforms.LocalTransform] - Hash value 10119675890124267319

                    Position float3(-8.311129f, -5.840556f, 13f)
                    Rotation quaternion(0f, 0f, 0f, 1f)
                    Scale 0.2
          Entity(295:9)
               Component [PongGame.Velocity] - Hash value 2948697891325778672

               Component [Unity.Transforms.LocalTransform] - Hash value 5510989267805251093
                    Position float3(-9.498383f, 5.976922f, 13f)
                    Rotation quaternion(0f, 0f, 0f, 1f)

                    Scale 0.2
          Entity(297:9)
               Component [PongGame.Velocity] - Hash value 12514001084534925772
               Component [Unity.Transforms.LocalTransform] - Hash value 914300229919721579

                    Position float3(8.350126f, -0.8098778f, 13f)
                    Rotation quaternion(0f, 0f, 0f, 1f)
                    Scale 0.2
          Entity(299:13)
               Component [PongGame.Velocity] - Hash value 17122687706853941998

               Component [Unity.Transforms.LocalTransform] - Hash value 5427006176770844109
                    Position float3(3.252707f, 5.008729f, 13f)
                    Rotation quaternion(0f, 0f, 0f, 1f)

                    Scale 0.2
          Entity(301:7)
               Component [PongGame.Velocity] - Hash value 5331025501302950413
               Component [Unity.Transforms.LocalTransform] - Hash value 10131673474557754031

                    Position float3(8.198267f, 0.6297327f, 13f)
                    Rotation quaternion(0f, 0f, 0f, 1f)
                    Scale 0.2
          Entity(303:7)
               Component [PongGame.Velocity] - Hash value 7593377266945255034

               Component [Unity.Transforms.LocalTransform] - Hash value 9903719370321506503
                    Position float3(7.835565f, 4.713658f, 13f)
                    Rotation quaternion(0f, 0f, 0f, 1f)

                    Scale 0.2
          Entity(305:9)
               Component [PongGame.Velocity] - Hash value 7881319293348936122
               Component [Unity.Transforms.LocalTransform] - Hash value 950292983220181715

                    Position float3(7.652835f, -6.343367f, 13f)
                    Rotation quaternion(0f, 0f, 0f, 1f)
                    Scale 0.2
          Entity(307:7)
               Component [PongGame.Velocity] - Hash value 794324385584854459

               Component [Unity.Transforms.LocalTransform] - Hash value 7689357942413148730
                    Position float3(-9.589538f, -1.705726f, 13f)
                    Rotation quaternion(0f, 0f, 0f, 1f)

                    Scale 0.2
          Entity(310:7)
               Component [PongGame.Velocity] - Hash value 9879724201454533079
               Component [Unity.Transforms.LocalTransform] - Hash value 7737348280147095578

                    Position float3(-11.29135f, -4.334338f, 13f)
                    Rotation quaternion(0f, 0f, 0f, 1f)
                    Scale 0.2
          Entity(311:11)
               Component [PongGame.Velocity] - Hash value 2984690644626238808

               Component [Unity.Transforms.LocalTransform] - Hash value 7893316877782422834
                    Position float3(-4.15945f, -1.680527f, 13f)
                    Rotation quaternion(0f, 0f, 0f, 1f)

                    Scale 0.2
          Entity(313:13)
               Component [PongGame.Velocity] - Hash value 3008685813493212232
               Component [Unity.Transforms.LocalTransform] - Hash value 5271037579135516853

                    Position float3(-8.815613f, -2.035244f, 13f)
                    Rotation quaternion(0f, 0f, 0f, 1f)
                    Scale 0.2
          Entity(315:11)
               Component [PongGame.Velocity] - Hash value 12418020409067032076

               Component [Unity.Transforms.LocalTransform] - Hash value 9891721785888019791
                    Position float3(4.006711f, 4.77501f, 13f)
                    Rotation quaternion(0f, 0f, 0f, 1f)

                    Scale 0.2
          Entity(317:3)
               Component [PongGame.Velocity] - Hash value 10083683136823807183
               Component [Unity.Transforms.LocalTransform] - Hash value 3068673735660645792

                    Position float3(3.168184f, -3.899782f, 13f)
                    Rotation quaternion(0f, 0f, 0f, 1f)
                    Scale 0.2
          Entity(319:11)
               Component [PongGame.Velocity] - Hash value 9951709708055453351

               Component [Unity.Transforms.LocalTransform] - Hash value 5355020670169923837
                    Position float3(-3.757113f, 0.5950681f, 13f)
                    Rotation quaternion(0f, 0f, 0f, 1f)

                    Scale 0.2
          Entity(321:3)
               Component [PongGame.Velocity] - Hash value 16930726355918154606
               Component [Unity.Transforms.LocalTransform] - Hash value 14548398745940982865

                    Position float3(-2.429954f, 1.343904f, 13f)
                    Rotation quaternion(0f, 0f, 0f, 1f)
                    Scale 0.2
          Entity(323:5)
               Component [PongGame.Velocity] - Hash value 9903719370321506503

               Component [Unity.Transforms.LocalTransform] - Hash value 7761343449014069002
                    Position float3(-12.16121f, -5.861628f, 13f)
                    Rotation quaternion(0f, 0f, 0f, 1f)

                    Scale 0.2
          Entity(325:5)
               Component [PongGame.Velocity] - Hash value 9855729032587559655
               Component [Unity.Transforms.LocalTransform] - Hash value 9927714539188479927

                    Position float3(-4.646226f, 0.6873292f, 13f)
                    Rotation quaternion(0f, 0f, 0f, 1f)
                    Scale 0.2
          Entity(327:7)
               Component [PongGame.Velocity] - Hash value 7845326540048475986

               Component [Unity.Transforms.LocalTransform] - Hash value 5379015839036897261
                    Position float3(-1.691428f, 2.02945f, 13f)
                    Rotation quaternion(0f, 0f, 0f, 1f)

                    Scale 0.2
          Entity(329:7)
               Component [PongGame.Velocity] - Hash value 2948697891325778672
               Component [Unity.Transforms.LocalTransform] - Hash value 7845326540048475986

                    Position float3(8.08303f, 4.987191f, 13f)
                    Rotation quaternion(0f, 0f, 0f, 1f)
                    Scale 0.2
          Entity(331:5)
               Component [PongGame.Velocity] - Hash value 7641367604679201882

               Component [Unity.Transforms.LocalTransform] - Hash value 3008685813493212232
                    Position float3(7.627676f, -1.161571f, 13f)
                    Rotation quaternion(0f, 0f, 0f, 1f)

                    Scale 0.2
          Entity(334:9)
               Component [PongGame.Velocity] - Hash value 17014709446952561590
               Component [Unity.Transforms.LocalTransform] - Hash value 16918728771484667894

                    Position float3(8.579761f, 1.980794f, 13f)
                    Rotation quaternion(0f, 0f, 0f, 1f)
                    Scale 0.2
          Entity(335:11)
               Component [PongGame.Velocity] - Hash value 16882736018184207758

               Component [Unity.Transforms.LocalTransform] - Hash value 14728362512443283545
                    Position float3(8.975689f, -0.4703957f, 13f)
                    Rotation quaternion(0f, 0f, 0f, 1f)

                    Scale 0.2
          Entity(337:9)
               Component [PongGame.Velocity] - Hash value 17134685291287428710
               Component [Unity.Transforms.LocalTransform] - Hash value 7677360357979662018

                    Position float3(7.898868f, -6.17381f, 13f)
                    Rotation quaternion(0f, 0f, 0f, 1f)
                    Scale 0.2
          Entity(340:3)
               Component [PongGame.Velocity] - Hash value 16870738433750721046

               Component [Unity.Transforms.LocalTransform] - Hash value 12166071135963811124
                    Position float3(-7.528176f, -1.864959f, 13f)
                    Rotation quaternion(0f, 0f, 0f, 1f)

                    Scale 0.2
          Entity(341:11)
               Component [PongGame.Velocity] - Hash value 10011697630222886911
               Component [Unity.Transforms.LocalTransform] - Hash value 14764355265743743681

                    Position float3(-2.952153f, -4.063287f, 13f)
                    Rotation quaternion(0f, 0f, 0f, 1f)
                    Scale 0.2
          Entity(342:9)
               Component [PongGame.Velocity] - Hash value 12262051811431704820

               Component [Unity.Transforms.LocalTransform] - Hash value 2984690644626238808
                    Position float3(-9.130612f, 5.929484f, 13f)
                    Rotation quaternion(0f, 0f, 0f, 1f)

                    Scale 0.2
          Entity(343:9)
               Component [PongGame.Velocity] - Hash value 16894733602617694470
               Component [Unity.Transforms.LocalTransform] - Hash value 17122687706853941998

                    Position float3(7.91213f, -1.681774f, 13f)
                    Rotation quaternion(0f, 0f, 0f, 1f)
                    Scale 0.2
          Entity(345:7)
               Component [PongGame.Velocity] - Hash value 5355020670169923837

               Component [Unity.Transforms.LocalTransform] - Hash value 12190066304830784548
                    Position float3(-10.70746f, 0.5335942f, 13f)
                    Rotation quaternion(0f, 0f, 0f, 1f)

                    Scale 0.2
          Entity(347:9)
               Component [PongGame.Velocity] - Hash value 7545386929211308186
               Component [Unity.Transforms.LocalTransform] - Hash value 986285736520641851

                    Position float3(8.132856f, 5.485681f, 13f)
                    Rotation quaternion(0f, 0f, 0f, 1f)
                    Scale 0.2
          Entity(348:7)
               Component [PongGame.Velocity] - Hash value 10059687967956833759

               Component [Unity.Transforms.LocalTransform] - Hash value 14620384252541903137
                    Position float3(6.214197f, -0.896341f, 13f)
                    Rotation quaternion(0f, 0f, 0f, 1f)

                    Scale 0.2
          Entity(350:9)
               Component [PongGame.Velocity] - Hash value 17014709446952561590
               Component [Unity.Transforms.LocalTransform] - Hash value 16906731187051181182

                    Position float3(-2.701644f, 5.168274f, 13f)
                    Rotation quaternion(0f, 0f, 0f, 1f)
                    Scale 0.2
          Entity(351:5)
               Component [PongGame.Velocity] - Hash value 14572393914807956289

               Component [Unity.Transforms.LocalTransform] - Hash value 794324385584854459
                    Position float3(1.444082f, 4.491223f, 13f)
                    Rotation quaternion(0f, 0f, 0f, 1f)

                    Scale 0.2
          Entity(354:5)
               Component [PongGame.Velocity] - Hash value 914300229919721579
               Component [Unity.Transforms.LocalTransform] - Hash value 16858740849317234334

                    Position float3(-7.935743f, -1.256897f, 13f)
                    Rotation quaternion(0f, 0f, 0f, 1f)
                    Scale 0.2
          Entity(355:3)
               Component [PongGame.Velocity] - Hash value 12430017993500518788

               Component [Unity.Transforms.LocalTransform] - Hash value 12226059058131244684
                    Position float3(-8.209207f, -1.07388f, 13f)
                    Rotation quaternion(0f, 0f, 0f, 1f)

                    Scale 0.2
          Entity(358:9)
               Component [PongGame.Velocity] - Hash value 16774757758282827350
               Component [Unity.Transforms.LocalTransform] - Hash value 5594972358839658077

                    Position float3(-4.110981f, 1.101534f, 13f)
                    Rotation quaternion(0f, 0f, 0f, 1f)
                    Scale 0.2
          Entity(359:7)
               Component [PongGame.Velocity] - Hash value 3260635086596433184

               Component [Unity.Transforms.LocalTransform] - Hash value 16786755342716314062
                    Position float3(1.038629f, -2.038425f, 13f)
                    Rotation quaternion(0f, 0f, 0f, 1f)

                    Scale 0.2
          Entity(363:9)
               Component [PongGame.Velocity] - Hash value 3128661657828079352
               Component [Unity.Transforms.LocalTransform] - Hash value 626358203516040491

                    Position float3(1.086361f, -0.8487577f, 13f)
                    Rotation quaternion(0f, 0f, 0f, 1f)
                    Scale 0.2
          Entity(365:5)
               Component [PongGame.Velocity] - Hash value 12358032486899598516

               Component [Unity.Transforms.LocalTransform] - Hash value 7617372435812228458
                    Position float3(-0.5495138f, -0.3706518f, 13f)
                    Rotation quaternion(0f, 0f, 0f, 1f)

                    Scale 0.2
          Entity(367:3)
               Component [PongGame.Velocity] - Hash value 3068673735660645792
               Component [Unity.Transforms.LocalTransform] - Hash value 5415008592337357397

                    Position float3(3.311989f, -0.9105881f, 13f)
                    Rotation quaternion(0f, 0f, 0f, 1f)
                    Scale 0.2
          Entity(369:5)
               Component [PongGame.Velocity] - Hash value 914300229919721579

               Component [Unity.Transforms.LocalTransform] - Hash value 14680372174709336697
                    Position float3(-3.269f, 5.12f, 13f)
                    Rotation quaternion(0f, 0f, 0f, 1f)

                    Scale 0.2
          Entity(373:9)
               Component [PongGame.Velocity] - Hash value 7677360357979662018
               Component [Unity.Transforms.LocalTransform] - Hash value 5534984436672224517

                    Position float3(3.806339f, -2.586348f, 13f)
                    Rotation quaternion(0f, 0f, 0f, 1f)
                    Scale 0.2
          Entity(375:7)
               Component [PongGame.Velocity] - Hash value 5558979605539197941

               Component [Unity.Transforms.LocalTransform] - Hash value 14728362512443283545
                    Position float3(-6.417776f, -5.610602E-07f, 13f)
                    Rotation quaternion(0f, 0f, 0f, 1f)

                    Scale 0.2
          Entity(377:9)
               Component [PongGame.Velocity] - Hash value 5343023085736437125
               Component [Unity.Transforms.LocalTransform] - Hash value 3284630255463406608

                    Position float3(-1.170783f, -0.5965437f, 13f)
                    Rotation quaternion(0f, 0f, 0f, 1f)
                    Scale 0.2
          Entity(380:7)
               Component [PongGame.Velocity] - Hash value 9987702461355913487

               Component [Unity.Transforms.LocalTransform] - Hash value 14680372174709336697
                    Position float3(1.920663f, 3.196521f, 13f)
                    Rotation quaternion(0f, 0f, 0f, 1f)

                    Scale 0.2
          Entity(381:7)
               Component [PongGame.Velocity] - Hash value 5582974774406171365
               Component [Unity.Transforms.LocalTransform] - Hash value 17026707031386048302

                    Position float3(9.09312f, -5.027401f, 13f)
                    Rotation quaternion(0f, 0f, 0f, 1f)
                    Scale 0.2
          Entity(383:5)
               Component [PongGame.Velocity] - Hash value 5343023085736437125

               Component [Unity.Transforms.LocalTransform] - Hash value 3080671320094132504
                    Position float3(-10.3117f, 2.183962f, 13f)
                    Rotation quaternion(0f, 0f, 0f, 1f)

                    Scale 0.2
          Entity(385:3)
               Component [PongGame.Velocity] - Hash value 14548398745940982865
               Component [Unity.Transforms.LocalTransform] - Hash value 5522986852238737805

                    Position float3(4.104504f, 5.880934f, 13f)
                    Rotation quaternion(0f, 0f, 0f, 1f)
                    Scale 0.2
          Entity(386:11)
               Component [PongGame.Velocity] - Hash value 16942723940351641318

               Component [Unity.Transforms.LocalTransform] - Hash value 10047690383523347047
                    Position float3(0.1227175f, 0.1515435f, 13f)
                    Rotation quaternion(0f, 0f, 0f, 1f)

                    Scale 0.2
          Entity(390:5)
               Component [PongGame.Velocity] - Hash value 17086694953553481862
               Component [Unity.Transforms.LocalTransform] - Hash value 686346125683474051

                    Position float3(11.65917f, 1.315959f, 13f)
                    Rotation quaternion(0f, 0f, 0f, 1f)
                    Scale 0.2
          Entity(391:5)
               Component [PongGame.Velocity] - Hash value 7605374851378741746

               Component [Unity.Transforms.LocalTransform] - Hash value 10155668643424727455
                    Position float3(-11.93653f, 1.890564f, 13f)
                    Rotation quaternion(0f, 0f, 0f, 1f)

                    Scale 0.2
          Entity(393:9)
               Component [PongGame.Velocity] - Hash value 938295398786695003
               Component [Unity.Transforms.LocalTransform] - Hash value 5307030332435976989

                    Position float3(2.476618f, 4.121784f, 13f)
                    Rotation quaternion(0f, 0f, 0f, 1f)
                    Scale 0.2
          Entity(395:5)
               Component [PongGame.Velocity] - Hash value 17014709446952561590

               Component [Unity.Transforms.LocalTransform] - Hash value 14776352850177230393
                    Position float3(4.231817f, -5.41648f, 13f)
                    Rotation quaternion(0f, 0f, 0f, 1f)

                    Scale 0.2
          Entity(398:9)
               Component [PongGame.Velocity] - Hash value 902302645486234867
               Component [Unity.Transforms.LocalTransform] - Hash value 12334037318032625092

                    Position float3(9.039948f, 2.634482f, 13f)
                    Rotation quaternion(0f, 0f, 0f, 1f)
                    Scale 0.2
          Entity(400:7)
               Component [PongGame.Velocity] - Hash value 12250054226998218108

               Component [Unity.Transforms.LocalTransform] - Hash value 16930726355918154606
                    Position float3(-7.158163f, -2.106964f, 13f)
                    Rotation quaternion(0f, 0f, 0f, 1f)

                    Scale 0.2
          Entity(401:9)
               Component [PongGame.Velocity] - Hash value 7749345864580582290
               Component [Unity.Transforms.LocalTransform] - Hash value 5570977189972684653

                    Position float3(-4.7803f, 4.505021f, 13f)
                    Rotation quaternion(0f, 0f, 0f, 1f)
                    Scale 0.2
          Entity(404:9)
               Component [PongGame.Velocity] - Hash value 5427006176770844109

               Component [Unity.Transforms.LocalTransform] - Hash value 9903719370321506503
                    Position float3(8.524889f, -3.10281f, 13f)
                    Rotation quaternion(0f, 0f, 0f, 1f)

                    Scale 0.2
          Entity(405:9)
               Component [PongGame.Velocity] - Hash value 710341294550447475
               Component [Unity.Transforms.LocalTransform] - Hash value 5271037579135516853

                    Position float3(-7.456146f, -2.279574f, 13f)
                    Rotation quaternion(0f, 0f, 0f, 1f)
                    Scale 0.2
          Entity(407:3)
               Component [PongGame.Velocity] - Hash value 2936700306892291960

               Component [Unity.Transforms.LocalTransform] - Hash value 9855729032587559655
                    Position float3(-10.61153f, 5.244079f, 13f)
                    Rotation quaternion(0f, 0f, 0f, 1f)

                    Scale 0.2
          Entity(409:9)
               Component [PongGame.Velocity] - Hash value 14692369759142823409
               Component [Unity.Transforms.LocalTransform] - Hash value 3284630255463406608

                    Position float3(-0.8007386f, 0.7209883f, 13f)
                    Rotation quaternion(0f, 0f, 0f, 1f)
                    Scale 0.2
          Entity(411:9)
               Component [PongGame.Velocity] - Hash value 5594972358839658077

               Component [Unity.Transforms.LocalTransform] - Hash value 12286046980298678244
                    Position float3(-2.466217f, 2.381598f, 13f)
                    Rotation quaternion(0f, 0f, 0f, 1f)

                    Scale 0.2
          Entity(413:7)
               Component [PongGame.Velocity] - Hash value 3296627839896893320
               Component [Unity.Transforms.LocalTransform] - Hash value 3044678566793672368

                    Position float3(-10.09975f, 6.261879f, 13f)
                    Rotation quaternion(0f, 0f, 0f, 1f)
                    Scale 0.2
          Entity(414:7)
               Component [PongGame.Velocity] - Hash value 10143671058991240743

               Component [Unity.Transforms.LocalTransform] - Hash value 5498991683371764381
                    Position float3(-3.730555f, 6.295904f, 13f)
                    Rotation quaternion(0f, 0f, 0f, 1f)

                    Scale 0.2
          Entity(416:5)
               Component [PongGame.Velocity] - Hash value 902302645486234867
               Component [Unity.Transforms.LocalTransform] - Hash value 950292983220181715

                    Position float3(3.363283f, -0.8710722f, 13f)
                    Rotation quaternion(0f, 0f, 0f, 1f)
                    Scale 0.2
          Entity(420:7)
               Component [PongGame.Velocity] - Hash value 14644379421408876561

               Component [Unity.Transforms.LocalTransform] - Hash value 14596389083674929713
                    Position float3(6.19269f, 3.020377f, 13f)
                    Rotation quaternion(0f, 0f, 0f, 1f)

                    Scale 0.2
          Entity(423:5)
               Component [PongGame.Velocity] - Hash value 7845326540048475986
               Component [Unity.Transforms.LocalTransform] - Hash value 17122687706853941998

                    Position float3(5.509176f, 4.079041f, 13f)
                    Rotation quaternion(0f, 0f, 0f, 1f)
                    Scale 0.2
          Entity(424:5)
               Component [PongGame.Velocity] - Hash value 10131673474557754031

               Component [Unity.Transforms.LocalTransform] - Hash value 3176651995562026200
                    Position float3(-3.602996f, -6.499979f, 13f)
                    Rotation quaternion(0f, 0f, 0f, 1f)

                    Scale 0.2
          Entity(427:3)
               Component [PongGame.Velocity] - Hash value 12166071135963811124
               Component [Unity.Transforms.LocalTransform] - Hash value 5235044825835056717

                    Position float3(0.1103932f, -6.485466f, 13f)
                    Rotation quaternion(0f, 0f, 0f, 1f)
                    Scale 0.2
          Entity(429:9)
               Component [PongGame.Velocity] - Hash value 12525998668968412484

               Component [Unity.Transforms.LocalTransform] - Hash value 806321970018341171
                    Position float3(4.403888f, -4.10669f, 13f)
                    Rotation quaternion(0f, 0f, 0f, 1f)

                    Scale 0.2
          Entity(431:5)
               Component [PongGame.Velocity] - Hash value 12490005915667952348
               Component [Unity.Transforms.LocalTransform] - Hash value 12514001084534925772

                    Position float3(-4.478779f, -3.104787f, 13f)
                    Rotation quaternion(0f, 0f, 0f, 1f)
                    Scale 0.2
          Entity(433:7)
               Component [PongGame.Velocity] - Hash value 12514001084534925772

               Component [Unity.Transforms.LocalTransform] - Hash value 10023695214656373623
                    Position float3(-3.816018f, -3.685087f, 13f)
                    Rotation quaternion(0f, 0f, 0f, 1f)

                    Scale 0.2
          Entity(435:7)
               Component [PongGame.Velocity] - Hash value 12478008331234465636
               Component [Unity.Transforms.LocalTransform] - Hash value 14740360096876770257

                    Position float3(-1.107556f, 1.918343f, 13f)
                    Rotation quaternion(0f, 0f, 0f, 1f)
                    Scale 0.2
          Entity(437:5)
               Component [PongGame.Velocity] - Hash value 7713353111280122154

               Component [Unity.Transforms.LocalTransform] - Hash value 16870738433750721046
                    Position float3(11.10317f, 2.56337f, 13f)
                    Rotation quaternion(0f, 0f, 0f, 1f)

                    Scale 0.2
          Entity(439:5)
               Component [PongGame.Velocity] - Hash value 12490005915667952348
               Component [Unity.Transforms.LocalTransform] - Hash value 17050702200253021726

                    Position float3(6.436414f, 5.595089f, 13f)
                    Rotation quaternion(0f, 0f, 0f, 1f)
                    Scale 0.2
          Entity(441:3)
               Component [PongGame.Velocity] - Hash value 3020683397926698944

               Component [Unity.Transforms.LocalTransform] - Hash value 686346125683474051
                    Position float3(1.538329f, -1.201874f, 13f)
                    Rotation quaternion(0f, 0f, 0f, 1f)

                    Scale 0.2
          Entity(443:3)
               Component [PongGame.Velocity] - Hash value 674348541249987339
               Component [Unity.Transforms.LocalTransform] - Hash value 722338878983934187

                    Position float3(6.669997f, -1.54037f, 13f)
                    Rotation quaternion(0f, 0f, 0f, 1f)
                    Scale 0.2
          Entity(445:5)
               Component [PongGame.Velocity] - Hash value 7725350695713608866

               Component [Unity.Transforms.LocalTransform] - Hash value 10179663812291700879
                    Position float3(10.06817f, -1.41499f, 13f)
                    Rotation quaternion(0f, 0f, 0f, 1f)

                    Scale 0.2
          Entity(447:5)
               Component [PongGame.Velocity] - Hash value 17098692537986968574
               Component [Unity.Transforms.LocalTransform] - Hash value 5235044825835056717

                    Position float3(-7.069439f, 0.1682998f, 13f)
                    Rotation quaternion(0f, 0f, 0f, 1f)
                    Scale 0.2
          Entity(449:5)
               Component [PongGame.Velocity] - Hash value 12525998668968412484

               Component [Unity.Transforms.LocalTransform] - Hash value 2984690644626238808
                    Position float3(-8.13989f, -0.8555357f, 13f)
                    Rotation quaternion(0f, 0f, 0f, 1f)

                    Scale 0.2
          Entity(451:5)
               Component [PongGame.Velocity] - Hash value 7905314462215909546
               Component [Unity.Transforms.LocalTransform] - Hash value 758331632284394323

                    Position float3(8.2367f, -0.7014594f, 13f)
                    Rotation quaternion(0f, 0f, 0f, 1f)
                    Scale 0.2
          Entity(455:5)
               Component [PongGame.Velocity] - Hash value 12358032486899598516

               Component [Unity.Transforms.LocalTransform] - Hash value 12226059058131244684
                    Position float3(-6.612416f, -6.385527f, 13f)
                    Rotation quaternion(0f, 0f, 0f, 1f)

                    Scale 0.2
          Entity(457:5)
               Component [PongGame.Velocity] - Hash value 914300229919721579
               Component [Unity.Transforms.LocalTransform] - Hash value 14536401161507496153

                    Position float3(2.408687f, 1.881872f, 13f)
                    Rotation quaternion(0f, 0f, 0f, 1f)
                    Scale 0.2
          Entity(459:3)
               Component [PongGame.Velocity] - Hash value 10107678305690780607

               Component [Unity.Transforms.LocalTransform] - Hash value 5355020670169923837
                    Position float3(-12.17298f, 5.313348f, 13f)
                    Rotation quaternion(0f, 0f, 0f, 1f)

                    Scale 0.2
          Entity(463:5)
               Component [PongGame.Velocity] - Hash value 10011697630222886911
               Component [Unity.Transforms.LocalTransform] - Hash value 10023695214656373623

                    Position float3(-4.486527f, -4.811212f, 13f)
                    Rotation quaternion(0f, 0f, 0f, 1f)
                    Scale 0.2
          Entity(465:5)
               Component [PongGame.Velocity] - Hash value 17026707031386048302

               Component [Unity.Transforms.LocalTransform] - Hash value 5391013423470383973
                    Position float3(-2.805035f, -0.4442738f, 13f)
                    Rotation quaternion(0f, 0f, 0f, 1f)

                    Scale 0.2
          Entity(466:5)
               Component [PongGame.Velocity] - Hash value 5558979605539197941
               Component [Unity.Transforms.LocalTransform] - Hash value 5379015839036897261

                    Position float3(-8.854668f, -7.740999E-07f, 13f)
                    Rotation quaternion(0f, 0f, 0f, 1f)
                    Scale 0.2
          Entity(467:5)
               Component [PongGame.Velocity] - Hash value 2996688229059725520

               Component [Unity.Transforms.LocalTransform] - Hash value 7653365189112688594
                    Position float3(5.308552f, -2.942577f, 13f)
                    Rotation quaternion(0f, 0f, 0f, 1f)

                    Scale 0.2
          Entity(469:3)
               Component [PongGame.Velocity] - Hash value 10047690383523347047
               Component [Unity.Transforms.LocalTransform] - Hash value 12154073551530324412

                    Position float3(12.02096f, -4.723856f, 13f)
                    Rotation quaternion(0f, 0f, 0f, 1f)
                    Scale 0.2
          Entity(472:5)
               Component [PongGame.Velocity] - Hash value 14728362512443283545

               Component [Unity.Transforms.LocalTransform] - Hash value 5307030332435976989
                    Position float3(-7.498035f, -3.743124f, 13f)
                    Rotation quaternion(0f, 0f, 0f, 1f)

                    Scale 0.2
          Entity(474:5)
               Component [PongGame.Velocity] - Hash value 7749345864580582290
               Component [Unity.Transforms.LocalTransform] - Hash value 5510989267805251093

                    Position float3(8.454926f, -5.679357f, 13f)
                    Rotation quaternion(0f, 0f, 0f, 1f)
                    Scale 0.2
          Entity(475:1)
               Component [PongGame.Velocity] - Hash value 12430017993500518788

               Component [Unity.Transforms.LocalTransform] - Hash value 5403011007903870685
                    Position float3(-3.352884f, 0.6944028f, 13f)
                    Rotation quaternion(0f, 0f, 0f, 1f)

                    Scale 0.2
          Entity(479:3)
               Component [PongGame.Velocity] - Hash value 5558979605539197941
               Component [Unity.Transforms.LocalTransform] - Hash value 10023695214656373623

                    Position float3(-2.329628f, 3.453818f, 13f)
                    Rotation quaternion(0f, 0f, 0f, 1f)
                    Scale 0.2
          Entity(481:3)
               Component [PongGame.Velocity] - Hash value 7665362773546175306

               Component [Unity.Transforms.LocalTransform] - Hash value 14668374590275849985
                    Position float3(-3.544271f, -0.8182598f, 13f)
                    Rotation quaternion(0f, 0f, 0f, 1f)

                    Scale 0.2
          Entity(483:1)
               Component [PongGame.Velocity] - Hash value 3152656826695052776
               Component [Unity.Transforms.LocalTransform] - Hash value 14584391499241443001

                    Position float3(3.657992f, -0.1277403f, 13f)
                    Rotation quaternion(0f, 0f, 0f, 1f)
                    Scale 0.2
          Entity(485:1)
               Component [PongGame.Velocity] - Hash value 7545386929211308186

               Component [Unity.Transforms.LocalTransform] - Hash value 7569382098078281610
                    Position float3(2.888965f, -0.2527525f, 13f)
                    Rotation quaternion(0f, 0f, 0f, 1f)

                    Scale 0.2
          Entity(487:1)
               Component [PongGame.Velocity] - Hash value 17134685291287428710
               Component [Unity.Transforms.LocalTransform] - Hash value 12226059058131244684

                    Position float3(2.712275f, 1.970583f, 13f)
                    Rotation quaternion(0f, 0f, 0f, 1f)
                    Scale 0.2
          Entity(489:1)
               Component [PongGame.Velocity] - Hash value 16858740849317234334

               Component [Unity.Transforms.LocalTransform] - Hash value 10215656565592161015
                    Position float3(1.750889f, -3.436317f, 13f)
                    Rotation quaternion(0f, 0f, 0f, 1f)

                    Scale 0.2
          Entity(491:1)
               Component [PongGame.Velocity] - Hash value 878307476619261443
               Component [Unity.Transforms.LocalTransform] - Hash value 10143671058991240743

                    Position float3(-2.244999f, -1.753985f, 13f)
                    Rotation quaternion(0f, 0f, 0f, 1f)
                    Scale 0.2

