Tick 1
     0
          Entity(155:5)
               Component [PongGame.Velocity] - Hash value 12466010746800978924
               Component [Unity.Transforms.LocalTransform] - Hash value 5558979605539197941

                    Position float3(0f, 0f, 13f)
                    Rotation quaternion(0f, 0f, 0f, 1f)
                    Scale 0.2
     1
          Entity(155:5)
               Component [PongGame.Velocity] - Hash value 12466010746800978924

               Component [Unity.Transforms.LocalTransform] - Hash value 5558979605539197941
                    Position float3(0f, 0f, 13f)
                    Rotation quaternion(0f, 0f, 0f, 1f)

                    Scale 0.2
          Entity(156:5)
               Component [Unity.Transforms.LocalTransform] - Hash value 10167666227858214167
                    Position float3(-12.78198f, -7f, 13f)

                    Rotation quaternion(0f, 0f, 0f, 1f)
                    Scale 1
          Entity(157:5)
               Component [Unity.Transforms.LocalTransform] - Hash value 16894733602617694470

                    Position float3(12.78198f, -7f, 13f)
                    Rotation quaternion(0f, 0f, 0f, 1f)
                    Scale 1
     2
          Entity(155:5)
               Component [PongGame.Velocity] - Hash value 12466010746800978924

               Component [Unity.Transforms.LocalTransform] - Hash value 5558979605539197941
                    Position float3(0f, 0f, 13f)
                    Rotation quaternion(0f, 0f, 0f, 1f)

                    Scale 0.2
          Entity(156:5)
               Component [Unity.Transforms.LocalTransform] - Hash value 10167666227858214167
                    Position float3(-12.78198f, -6.8f, 13f)

                    Rotation quaternion(0f, 0f, 0f, 1f)
                    Scale 1
          Entity(157:5)
               Component [Unity.Transforms.LocalTransform] - Hash value 16894733602617694470

                    Position float3(12.78198f, -6.8f, 13f)
                    Rotation quaternion(0f, 0f, 0f, 1f)
                    Scale 1
     3
          Entity(155:5)
               Component [PongGame.Velocity] - Hash value 12466010746800978924

               Component [Unity.Transforms.LocalTransform] - Hash value 5558979605539197941
                    Position float3(0f, 0f, 13f)
                    Rotation quaternion(0f, 0f, 0f, 1f)

                    Scale 0.2
          Entity(156:5)
               Component [Unity.Transforms.LocalTransform] - Hash value 10167666227858214167
                    Position float3(-12.78198f, -6.8f, 13f)

                    Rotation quaternion(0f, 0f, 0f, 1f)
                    Scale 1
          Entity(157:5)
               Component [Unity.Transforms.LocalTransform] - Hash value 16894733602617694470

                    Position float3(12.78198f, -6.8f, 13f)
                    Rotation quaternion(0f, 0f, 0f, 1f)
                    Scale 1
     4
          Entity(155:5)
               Component [PongGame.Velocity] - Hash value 12466010746800978924

               Component [Unity.Transforms.LocalTransform] - Hash value 5558979605539197941
                    Position float3(0f, 0f, 13f)
                    Rotation quaternion(0f, 0f, 0f, 1f)

                    Scale 0.2
          Entity(156:5)
               Component [Unity.Transforms.LocalTransform] - Hash value 10167666227858214167
                    Position float3(-12.78198f, -6.8f, 13f)

                    Rotation quaternion(0f, 0f, 0f, 1f)
                    Scale 1
          Entity(157:5)
               Component [Unity.Transforms.LocalTransform] - Hash value 16894733602617694470

                    Position float3(12.78198f, -6.8f, 13f)
                    Rotation quaternion(0f, 0f, 0f, 1f)
                    Scale 1
     5
          Entity(155:5)
               Component [PongGame.Velocity] - Hash value 12466010746800978924

               Component [Unity.Transforms.LocalTransform] - Hash value 5474996514504790957
                    Position float3(-0.1478022f, 0.0451877f, 13f)
                    Rotation quaternion(0f, 0f, 0f, 1f)

                    Scale 0.2
          Entity(156:5)
               Component [Unity.Transforms.LocalTransform] - Hash value 10167666227858214167
                    Position float3(-12.78198f, -6.8f, 13f)

                    Rotation quaternion(0f, 0f, 0f, 1f)
                    Scale 1
          Entity(157:5)
               Component [Unity.Transforms.LocalTransform] - Hash value 16894733602617694470

                    Position float3(12.78198f, -6.8f, 13f)
                    Rotation quaternion(0f, 0f, 0f, 1f)
                    Scale 1

